-----------------------------------------------------------------------------------
      name:  log
       log:  X:\My Documents\XdrvData\SHARE\SHAREdata\harmon\codebook.log
  log type:  text
 opened on:  21 Sep 2023, 19:35:47

. codebook, compact

Variable          Obs Unique      Mean        Min       Max  Label
-----------------------------------------------------------------------------------
panelid       1116960 139620   69810.5          1    139620  group(countryID id)
wave          1116960      8       4.5          1         8  coverscreen id of r...
countryID     1116960     36         .          .         .  
hhid          1116960  70922         .          .         .  hhid: household id ...
pn            1116960     23         .          .         .  pn: Person number w...
inw1          1116960      2  .2178699          0         1  inw1: =1 if respond...
inw2          1116960      2  .2660292          0         1  inw2: =1 if respond...
inw4          1116960      2  .4154133          0         1  inw4: =1 if respond...
inw5          1116960      2  .4731772          0         1  inw5: =1 if respond...
inw6          1116960      2   .487645          0         1  inw6: =1 if respond...
inw7          1116960      2  .0999427          0         1  inw7: =1 if respond...
inw8          1116960      2  .3347157          0         1  inw8: =1 if respond...
iwstatr       1116960      6  1.892657          0         9  r interview status
iwstats        297903      5  1.342189          0         6  s interview status
hhresphh       383647      5  1.632602          1         5  # core respondents ...
cplh           385705      2  .6219572          0         1  whether coupled
iwmr           383647     12  5.817194          1        12  r interview month
iwyr           383647     14  2013.384       2004      2020  r interview year
rabyear       1116768     92  1946.319       1901      1995  rabyear: r birth year
rabmonth      1116344     12  6.314756          1        12  rabmonth: r birth m...
radyear        146792     18  2014.412       2004      2021  radyear: r death year
radmonth       143480     12  6.342236          1        12  radmonth: r death m...
ageyr          383623     84  66.79319         14       105  r age (years) at ivw
ragender      1116960      2  1.556561          1         2  ragender: r gender
raeducl       1116960      3  1.788834          1         3  raeducl: r harmoniz...
mstatr         383124      6  2.573428          1         8  r marital status w/...
ruralh         364560      2   .327562          0         1  lives in rural or u...
nhmlivr        352980      2  .0094226          0         1  R Live in Nurs home...
shltr          382177      5  3.187363          1         5  R self-report of he...
iadlar         381501      4  .1004113          0         3  R Some Diff-IADLs: ...
hibper         382282      2  .4731533          0         1  R ever had high blo...
diaber         382082      2  .1510592          0         1  R ever had diabetes
cancrer        381999      2   .088351          0         1  R ever had cancer
lunger         382017      2  .0870511          0         1  R ever had lung dis...
hearter        382103      2  .1762431          0         1  R ever had heart pr...
stroker        382025      2  .0643256          0         1  R ever had stroke
arthrer        382197      2  .3330743          0         1  R ever had arthritis
psycher        351197      2  .1284635          0         1  R ever had psych di...
parkiner       381946      2   .008674          0         1  R ever had Parkinso...
hiper          381974      2  .0369894          0         1  R ever had hip frac...
kidneyer       191191      2   .021842          0         1  R ever had kidney d...
hrtattr        189663      2  .0236894          0         1  R reports heart att...
strokr         189638      2  .0213828          0         1  R reports stroke si...
cancrr         189677      2  .0327188          0         1  R reports cancer si...
hipr           189692      2  .0106647          0         1  R reports hip fract...
radiaghibp     366040     94  53.04153          0        94  radiaghibp: R age f...
radiagdiab     114256     96   55.8022          0        97  radiagdiab: R age f...
radiagcancr     60728     96  57.90304          0       101  radiagcancr: R age ...
radiaglung      56176     93  46.87924          0        92  radiaglung: R age f...
radiagheart    126456     97  56.50952          0        96  radiagheart: R age ...
radiagstrok     41704     96  61.16075          0        99  radiagstrok: R age ...
radiagarthr    208856     94  51.31118          0        93  radiagarthr: R age ...
radiagparkin     6544     70  64.86675          0        92  radiagparkin: R age...
radiaghip       22296     96  57.32329          0        98  radiaghip: R age fi...
radiagosteo     30704     84  57.86165          0        90  radiagosteo: R age ...
radiagpsych     19360     92  45.87975          0        91  radiagpsych: R age ...
radiagkidney     3624     72   53.4415          0        88  radiagkidney: R age...
rxhibpr        381653      2  .4287664          0         1  R takes meds for hi...
rxdiabr        381653      2  .1196611          0         1  R takes meds for di...
rxheartr       381653      2  .1814999          0         1  R takes meds for he...
rxlungr        381653      2  .0264193          0         1  R takes meds for lu...
rxpsychr       381653      2  .0682688          0         1  R takes meds for ps...
rxosteor       381653      2  .0558282          0         1  R takes meds for os...
rxsleepr       381653      2  .0838668          0         1  R takes meds for sl...
rxinflmr       256787      2   .032747          0         1  R takes meds for in...
alzdemer       351737      2  .0268553          0         1  R ever had alzheime...
radiagalzdem     9584     82  67.55509          0        96  radiagalzdem: R age...
workr          378725      2  .3118014          0         1  R working for pay
retempr        378618      2  .5788077          0         1  R gives Retired in ...
pubpenr        380878      2  .5984147          0         1  whether r receives ...
satlifezr      341445     66  1.71e-17  -4.601587  1.361823  R Satisfied with li...
osteoer         79196      2  .1089323          0         1  R ever had osteopor...
higovr          14327      2  .8907657          0         1  R cover by Gov Heal...
-----------------------------------------------------------------------------------

. codebook

-----------------------------------------------------------------------------------
panelid                                                         group(countryID id)
-----------------------------------------------------------------------------------

                  Type: Numeric (float)

                 Range: [1,139620]                    Units: 1
         Unique values: 139,620                   Missing .: 0/1,116,960

                  Mean: 69810.5
             Std. dev.: 40304.8

           Percentiles:     10%       25%       50%       75%       90%
                        13962.5   34905.5   69810.5    104716    125659

-----------------------------------------------------------------------------------
wave                                                   coverscreen id of respondent
-----------------------------------------------------------------------------------

                  Type: Numeric (byte)
                 Label: wavel

                 Range: [1,8]                         Units: 1
         Unique values: 8                         Missing .: 0/1,116,960

            Tabulation: Freq.   Numeric  Label
                      139,620         1  Wave 1
                      139,620         2  Wave 2
                      139,620         3  Wave 3
                      139,620         4  Wave 4
                      139,620         5  Wave 5
                      139,620         6  Wave 6
                      139,620         7  Wave 7
                      139,620         8  Wave 8

-----------------------------------------------------------------------------------
countryID                                                               (unlabeled)
-----------------------------------------------------------------------------------

                  Type: String (str2)

         Unique values: 36                        Missing "": 0/1,116,960

              Examples: "CZ"
                        "ES"
                        "HR"
                        "NL"

-----------------------------------------------------------------------------------
hhid                                                     hhid: household id /6-char
-----------------------------------------------------------------------------------

                  Type: String (str6)

         Unique values: 70,922                    Missing "": 0/1,116,960

              Examples: "198994"
                        "398282"
                        "597447"
                        "798125"

-----------------------------------------------------------------------------------
pn                                        pn: Person number within household (char)
-----------------------------------------------------------------------------------

                  Type: String (str2)

         Unique values: 23                        Missing "": 0/1,116,960

              Examples: "01"
                        "01"
                        "01"
                        "02"

-----------------------------------------------------------------------------------
inw1                                                      inw1: =1 if respondent w1
-----------------------------------------------------------------------------------

                  Type: Numeric (byte)
                 Label: inw

                 Range: [0,1]                         Units: 1
         Unique values: 2                         Missing .: 0/1,116,960

            Tabulation: Freq.   Numeric  Label
                      873,608         0  0.nonresp
                      243,352         1  1.resp,alive

-----------------------------------------------------------------------------------
inw2                                                      inw2: =1 if respondent w2
-----------------------------------------------------------------------------------

                  Type: Numeric (byte)
                 Label: inw

                 Range: [0,1]                         Units: 1
         Unique values: 2                         Missing .: 0/1,116,960

            Tabulation: Freq.   Numeric  Label
                      819,816         0  0.nonresp
                      297,144         1  1.resp,alive

-----------------------------------------------------------------------------------
inw4                                                      inw4: =1 if respondent w4
-----------------------------------------------------------------------------------

                  Type: Numeric (byte)
                 Label: inw

                 Range: [0,1]                         Units: 1
         Unique values: 2                         Missing .: 0/1,116,960

            Tabulation: Freq.   Numeric  Label
                      652,960         0  0.nonresp
                      464,000         1  1.resp,alive

-----------------------------------------------------------------------------------
inw5                                                      inw5: =1 if respondent w5
-----------------------------------------------------------------------------------

                  Type: Numeric (byte)
                 Label: inw

                 Range: [0,1]                         Units: 1
         Unique values: 2                         Missing .: 0/1,116,960

            Tabulation: Freq.   Numeric  Label
                      588,440         0  0.nonresp
                      528,520         1  1.resp,alive

-----------------------------------------------------------------------------------
inw6                                                      inw6: =1 if respondent w6
-----------------------------------------------------------------------------------

                  Type: Numeric (byte)
                 Label: inw

                 Range: [0,1]                         Units: 1
         Unique values: 2                         Missing .: 0/1,116,960

            Tabulation: Freq.   Numeric  Label
                      572,280         0  0.nonresp
                      544,680         1  1.resp,alive

-----------------------------------------------------------------------------------
inw7                                                      inw7: =1 if respondent w7
-----------------------------------------------------------------------------------

                  Type: Numeric (byte)
                 Label: inw

                 Range: [0,1]                         Units: 1
         Unique values: 2                         Missing .: 0/1,116,960

            Tabulation: Freq.   Numeric  Label
                    1,005,328         0  0.nonresp
                      111,632         1  1.resp,alive

-----------------------------------------------------------------------------------
inw8                                                      inw8: =1 if respondent w8
-----------------------------------------------------------------------------------

                  Type: Numeric (byte)
                 Label: inw

                 Range: [0,1]                         Units: 1
         Unique values: 2                         Missing .: 0/1,116,960

            Tabulation: Freq.   Numeric  Label
                      743,096         0  0.nonresp
                      373,864         1  1.resp,alive

-----------------------------------------------------------------------------------
iwstatr                                                          r interview status
-----------------------------------------------------------------------------------

                  Type: Numeric (byte)
                 Label: wstat

                 Range: [0,9]                         Units: 1
         Unique values: 6                         Missing .: 0/1,116,960

            Tabulation: Freq.   Numeric  Label
                      434,973         0  0.inap.
                      411,605         1  1.resp, alive
                      109,317         4  4.nr, alive
                       17,042         5  5.nr, died this wv
                       38,756         6  6.nr, died prev wv
                      105,267         9  9.nr, dk if alive or died

-----------------------------------------------------------------------------------
iwstats                                                          s interview status
-----------------------------------------------------------------------------------

                  Type: Numeric (byte)
                 Label: wstat

                 Range: [0,6]                         Units: 1
         Unique values: 5                         Missing .: 705,355/1,116,960
       Unique mv codes: 2                        Missing .*: 113,702/1,116,960

            Tabulation: Freq.   Numeric  Label
                        4,284         0  0.inap.
                      258,265         1  1.resp, alive
                       35,195         4  4.nr, alive
                          157         5  5.nr, died this wv
                            2         6  6.nr, died prev wv
                      705,355         .  
                      113,702        .u  .u:Unmar

-----------------------------------------------------------------------------------
hhresphh                                                   # core respondents in hh
-----------------------------------------------------------------------------------

                  Type: Numeric (byte)

                 Range: [1,5]                         Units: 1
         Unique values: 5                         Missing .: 733,313/1,116,960

            Tabulation: Freq.  Value
                      142,016  1
                      240,696  2
                          810  3
                          120  4
                            5  5
                      733,313  .

-----------------------------------------------------------------------------------
cplh                                                                whether coupled
-----------------------------------------------------------------------------------

                  Type: Numeric (byte)
                 Label: cpl

                 Range: [0,1]                         Units: 1
         Unique values: 2                         Missing .: 731,255/1,116,960

            Tabulation: Freq.   Numeric  Label
                      145,813         0  0.not coupled
                      239,892         1  1.coupled
                      731,255         .  

-----------------------------------------------------------------------------------
iwmr                                                              r interview month
-----------------------------------------------------------------------------------

                  Type: Numeric (byte)

                 Range: [1,12]                        Units: 1
         Unique values: 12                        Missing .: 733,313/1,116,960

                  Mean: 5.81719
             Std. dev.: 3.06075

           Percentiles:     10%       25%       50%       75%       90%
                              2         3         5         8        11

-----------------------------------------------------------------------------------
iwyr                                                               r interview year
-----------------------------------------------------------------------------------

                  Type: Numeric (int)

                 Range: [2004,2020]                   Units: 1
         Unique values: 14                        Missing .: 733,313/1,116,960

                  Mean: 2013.38
             Std. dev.: 4.38574

           Percentiles:     10%       25%       50%       75%       90%
                           2007      2011      2015      2017      2019

-----------------------------------------------------------------------------------
rabyear                                                       rabyear: r birth year
-----------------------------------------------------------------------------------

                  Type: Numeric (int)

                 Range: [1901,1995]                   Units: 1
         Unique values: 92                        Missing .: 0/1,116,960
       Unique mv codes: 2                        Missing .*: 192/1,116,960

                  Mean: 1946.32
             Std. dev.: 11.2758

           Percentiles:     10%       25%       50%       75%       90%
                           1931      1939      1948      1955      1960

-----------------------------------------------------------------------------------
rabmonth                                                    rabmonth: r birth month
-----------------------------------------------------------------------------------

                  Type: Numeric (byte)

                 Range: [1,12]                        Units: 1
         Unique values: 12                        Missing .: 0/1,116,960
       Unique mv codes: 1                        Missing .*: 616/1,116,960

                  Mean: 6.31476
             Std. dev.: 3.43349

           Percentiles:     10%       25%       50%       75%       90%
                              2         3         6         9        11

-----------------------------------------------------------------------------------
radyear                                                       radyear: r death year
-----------------------------------------------------------------------------------

                  Type: Numeric (int)

                 Range: [2004,2021]                   Units: 1
         Unique values: 18                        Missing .: 0/1,116,960
       Unique mv codes: 3                        Missing .*: 970,168/1,116,960

                  Mean: 2014.41
             Std. dev.: 4.01713

           Percentiles:     10%       25%       50%       75%       90%
                           2008      2012      2015      2018      2019

-----------------------------------------------------------------------------------
radmonth                                                    radmonth: r death month
-----------------------------------------------------------------------------------

                  Type: Numeric (byte)

                 Range: [1,12]                        Units: 1
         Unique values: 12                        Missing .: 0/1,116,960
       Unique mv codes: 4                        Missing .*: 973,480/1,116,960

                  Mean: 6.34224
             Std. dev.: 3.54378

           Percentiles:     10%       25%       50%       75%       90%
                              2         3         6        10        11

-----------------------------------------------------------------------------------
ageyr                                                          r age (years) at ivw
-----------------------------------------------------------------------------------

                  Type: Numeric (int)

                 Range: [14,105]                      Units: 1
         Unique values: 84                        Missing .: 733,313/1,116,960
       Unique mv codes: 4                        Missing .*: 24/1,116,960

                  Mean: 66.7932
             Std. dev.: 10.3572

           Percentiles:     10%       25%       50%       75%       90%
                             54        59        66        74        81

-----------------------------------------------------------------------------------
ragender                                                         ragender: r gender
-----------------------------------------------------------------------------------

                  Type: Numeric (byte)
                 Label: gender

                 Range: [1,2]                         Units: 1
         Unique values: 2                         Missing .: 0/1,116,960

            Tabulation: Freq.   Numeric  Label
                      495,304         1  1.man
                      621,656         2  2.woman

-----------------------------------------------------------------------------------
raeducl                                       raeducl: r harmonized education level
-----------------------------------------------------------------------------------

                  Type: Numeric (byte)
                 Label: edharm

                 Range: [1,3]                         Units: 1
         Unique values: 3                         Missing .: 0/1,116,960

            Tabulation: Freq.   Numeric  Label
                      464,328         1  1.less than upper secondary
                                         education
                      424,168         2  2.upper secondary and
                                         vocational training
                      228,464         3  3.tertiary education

-----------------------------------------------------------------------------------
mstatr                                          r marital status w/partners, filled
-----------------------------------------------------------------------------------

                  Type: Numeric (byte)
                 Label: marwpart

                 Range: [1,8]                         Units: 1
         Unique values: 6                         Missing .: 733,313/1,116,960
       Unique mv codes: 4                        Missing .*: 523/1,116,960

            Tabulation: Freq.   Numeric  Label
                      260,598         1  1.married
                       22,758         3  3.partnered
                        3,196         4  4.separated
                       24,041         5  5.divorced
                       56,167         7  7.widowed
                       16,364         8  8.never married
                      733,313         .  
                           37        .d  .d:DK
                          422        .m  .m:Missing
                           64        .r  .r:Refuse

-----------------------------------------------------------------------------------
ruralh                                                      lives in rural or urban
-----------------------------------------------------------------------------------

                  Type: Numeric (byte)
                 Label: rural

                 Range: [0,1]                         Units: 1
         Unique values: 2                         Missing .: 733,313/1,116,960
       Unique mv codes: 4                        Missing .*: 19,087/1,116,960

            Tabulation: Freq.   Numeric  Label
                      245,144         0  0.urban
                      119,416         1  1.rural
                      733,313         .  
                           29        .d  .d:DK
                       19,053        .m  .m:Missing
                            5        .r  .r:Refuse

-----------------------------------------------------------------------------------
nhmlivr                                            R Live in Nurs home at interview
-----------------------------------------------------------------------------------

                  Type: Numeric (byte)
                 Label: livnhm

                 Range: [0,1]                         Units: 1
         Unique values: 2                         Missing .: 763,732/1,116,960
       Unique mv codes: 4                        Missing .*: 248/1,116,960

            Tabulation: Freq.   Numeric  Label
                      349,654         0  0.No
                        3,326         1  1.Yes
                      763,732         .  
                            4        .d  .d:DK
                          241        .m  .m:Missing
                            3        .r  .r:Refuse

-----------------------------------------------------------------------------------
shltr                                                       R self-report of health
-----------------------------------------------------------------------------------

                  Type: Numeric (byte)
                 Label: health

                 Range: [1,5]                         Units: 1
         Unique values: 5                         Missing .: 733,313/1,116,960
       Unique mv codes: 4                        Missing .*: 1,470/1,116,960

            Tabulation: Freq.   Numeric  Label
                       27,603         1  1.Excellent
                       65,799         2  2.Very good
                      139,199         3  3.Good
                      106,541         4  4.Fair
                       43,035         5  5.Poor
                      733,313         .  
                          316        .d  .d:DK
                        1,070        .m  .m:Missing
                           84        .r  .r:Refuse

-----------------------------------------------------------------------------------
iadlar                                                      R Some Diff-IADLs: /0-3
-----------------------------------------------------------------------------------

                  Type: Numeric (byte)

                 Range: [0,3]                         Units: 1
         Unique values: 4                         Missing .: 733,313/1,116,960
       Unique mv codes: 4                        Missing .*: 2,146/1,116,960

            Tabulation: Freq.  Value
                      358,668  0
                       12,867  1
                        4,458  2
                        5,508  3
                      733,313  .
                          250  .d
                        1,778  .m
                          118  .r

-----------------------------------------------------------------------------------
hibper                                               R ever had high blood pressure
-----------------------------------------------------------------------------------

                  Type: Numeric (byte)
                 Label: health_problems

                 Range: [0,1]                         Units: 1
         Unique values: 2                         Missing .: 733,313/1,116,960
       Unique mv codes: 4                        Missing .*: 1,365/1,116,960

            Tabulation: Freq.   Numeric  Label
                      201,404         0  0.no
                      180,878         1  1.yes
                      733,313         .  
                          219        .d  .d:DK
                        1,001        .m  .m:Missing
                          145        .r  .r:Refuse

-----------------------------------------------------------------------------------
diaber                                                          R ever had diabetes
-----------------------------------------------------------------------------------

                  Type: Numeric (byte)
                 Label: health_problems

                 Range: [0,1]                         Units: 1
         Unique values: 2                         Missing .: 733,313/1,116,960
       Unique mv codes: 4                        Missing .*: 1,565/1,116,960

            Tabulation: Freq.   Numeric  Label
                      324,365         0  0.no
                       57,717         1  1.yes
                      733,313         .  
                          273        .d  .d:DK
                        1,131        .m  .m:Missing
                          161        .r  .r:Refuse

-----------------------------------------------------------------------------------
cancrer                                                           R ever had cancer
-----------------------------------------------------------------------------------

                  Type: Numeric (byte)
                 Label: health_problems

                 Range: [0,1]                         Units: 1
         Unique values: 2                         Missing .: 733,313/1,116,960
       Unique mv codes: 4                        Missing .*: 1,648/1,116,960

            Tabulation: Freq.   Numeric  Label
                      348,249         0  0.no
                       33,750         1  1.yes
                      733,313         .  
                          294        .d  .d:DK
                        1,183        .m  .m:Missing
                          171        .r  .r:Refuse

-----------------------------------------------------------------------------------
lunger                                                      R ever had lung disease
-----------------------------------------------------------------------------------

                  Type: Numeric (byte)
                 Label: health_problems

                 Range: [0,1]                         Units: 1
         Unique values: 2                         Missing .: 733,313/1,116,960
       Unique mv codes: 4                        Missing .*: 1,630/1,116,960

            Tabulation: Freq.   Numeric  Label
                      348,762         0  0.no
                       33,255         1  1.yes
                      733,313         .  
                          294        .d  .d:DK
                        1,160        .m  .m:Missing
                          176        .r  .r:Refuse

-----------------------------------------------------------------------------------
hearter                                                   R ever had heart problems
-----------------------------------------------------------------------------------

                  Type: Numeric (byte)
                 Label: health_problems

                 Range: [0,1]                         Units: 1
         Unique values: 2                         Missing .: 733,313/1,116,960
       Unique mv codes: 4                        Missing .*: 1,544/1,116,960

            Tabulation: Freq.   Numeric  Label
                      314,760         0  0.no
                       67,343         1  1.yes
                      733,313         .  
                          267        .d  .d:DK
                        1,114        .m  .m:Missing
                          163        .r  .r:Refuse

-----------------------------------------------------------------------------------
stroker                                                           R ever had stroke
-----------------------------------------------------------------------------------

                  Type: Numeric (byte)
                 Label: health_problems

                 Range: [0,1]                         Units: 1
         Unique values: 2                         Missing .: 733,313/1,116,960
       Unique mv codes: 4                        Missing .*: 1,622/1,116,960

            Tabulation: Freq.   Numeric  Label
                      357,451         0  0.no
                       24,574         1  1.yes
                      733,313         .  
                          280        .d  .d:DK
                        1,172        .m  .m:Missing
                          170        .r  .r:Refuse

-----------------------------------------------------------------------------------
arthrer                                                        R ever had arthritis
-----------------------------------------------------------------------------------

                  Type: Numeric (byte)
                 Label: health_problems

                 Range: [0,1]                         Units: 1
         Unique values: 2                         Missing .: 733,313/1,116,960
       Unique mv codes: 4                        Missing .*: 1,450/1,116,960

            Tabulation: Freq.   Numeric  Label
                      254,897         0  0.no
                      127,300         1  1.yes
                      733,313         .  
                          237        .d  .d:DK
                        1,052        .m  .m:Missing
                          161        .r  .r:Refuse

-----------------------------------------------------------------------------------
psycher                                                   R ever had psych disorder
-----------------------------------------------------------------------------------

                  Type: Numeric (byte)
                 Label: health_problems

                 Range: [0,1]                         Units: 1
         Unique values: 2                         Missing .: 763,732/1,116,960
       Unique mv codes: 4                        Missing .*: 2,031/1,116,960

            Tabulation: Freq.   Numeric  Label
                      306,081         0  0.no
                       45,116         1  1.yes
                      763,732         .  
                          718        .d  .d:DK
                        1,109        .m  .m:Missing
                          204        .r  .r:Refuse

-----------------------------------------------------------------------------------
parkiner                                              R ever had Parkinsons disease
-----------------------------------------------------------------------------------

                  Type: Numeric (byte)
                 Label: health_problems

                 Range: [0,1]                         Units: 1
         Unique values: 2                         Missing .: 733,313/1,116,960
       Unique mv codes: 4                        Missing .*: 1,701/1,116,960

            Tabulation: Freq.   Numeric  Label
                      378,633         0  0.no
                        3,313         1  1.yes
                      733,313         .  
                          313        .d  .d:DK
                        1,208        .m  .m:Missing
                          180        .r  .r:Refuse

-----------------------------------------------------------------------------------
hiper                                                       R ever had hip fracture
-----------------------------------------------------------------------------------

                  Type: Numeric (byte)
                 Label: health_problems

                 Range: [0,1]                         Units: 1
         Unique values: 2                         Missing .: 733,313/1,116,960
       Unique mv codes: 4                        Missing .*: 1,673/1,116,960

            Tabulation: Freq.   Numeric  Label
                      367,845         0  0.no
                       14,129         1  1.yes
                      733,313         .  
                          301        .d  .d:DK
                        1,195        .m  .m:Missing
                          177        .r  .r:Refuse

-----------------------------------------------------------------------------------
kidneyer                                                  R ever had kidney disease
-----------------------------------------------------------------------------------

                  Type: Numeric (byte)
                 Label: health_problems

                 Range: [0,1]                         Units: 1
         Unique values: 2                         Missing .: 924,940/1,116,960
       Unique mv codes: 4                        Missing .*: 829/1,116,960

            Tabulation: Freq.   Numeric  Label
                      187,015         0  0.no
                        4,176         1  1.yes
                      924,940         .  
                          182        .d  .d:DK
                          564        .m  .m:Missing
                           83        .r  .r:Refuse

-----------------------------------------------------------------------------------
hrtattr                                      R reports heart attack since last wave
-----------------------------------------------------------------------------------

                  Type: Numeric (byte)
                 Label: health_problems

                 Range: [0,1]                         Units: 1
         Unique values: 2                         Missing .: 826,980/1,116,960
       Unique mv codes: 5                        Missing .*: 100,317/1,116,960

            Tabulation: Freq.   Numeric  Label
                      185,170         0  0.no
                        4,493         1  1.yes
                      826,980         .  
                       99,746        .b  .b:baseline ivw
                           70        .d  .d:DK
                          465        .m  .m:Missing
                           36        .r  .r:Refuse

-----------------------------------------------------------------------------------
strokr                                             R reports stroke since last wave
-----------------------------------------------------------------------------------

                  Type: Numeric (byte)
                 Label: health_problems

                 Range: [0,1]                         Units: 1
         Unique values: 2                         Missing .: 826,980/1,116,960
       Unique mv codes: 5                        Missing .*: 100,342/1,116,960

            Tabulation: Freq.   Numeric  Label
                      185,583         0  0.no
                        4,055         1  1.yes
                      826,980         .  
                       99,746        .b  .b:baseline ivw
                           84        .d  .d:DK
                          468        .m  .m:Missing
                           44        .r  .r:Refuse

-----------------------------------------------------------------------------------
cancrr                                             R reports cancer since last wave
-----------------------------------------------------------------------------------

                  Type: Numeric (byte)
                 Label: health_problems

                 Range: [0,1]                         Units: 1
         Unique values: 2                         Missing .: 826,980/1,116,960
       Unique mv codes: 5                        Missing .*: 100,303/1,116,960

            Tabulation: Freq.   Numeric  Label
                      183,471         0  0.no
                        6,206         1  1.yes
                      826,980         .  
                       99,746        .b  .b:baseline ivw
                           52        .d  .d:DK
                          467        .m  .m:Missing
                           38        .r  .r:Refuse

-----------------------------------------------------------------------------------
hipr                                         R reports hip fracture since last wave
-----------------------------------------------------------------------------------

                  Type: Numeric (byte)
                 Label: health_problems

                 Range: [0,1]                         Units: 1
         Unique values: 2                         Missing .: 826,980/1,116,960
       Unique mv codes: 5                        Missing .*: 100,288/1,116,960

            Tabulation: Freq.   Numeric  Label
                      187,669         0  0.no
                        2,023         1  1.yes
                      826,980         .  
                       99,746        .b  .b:baseline ivw
                           36        .d  .d:DK
                          467        .m  .m:Missing
                           39        .r  .r:Refuse

-----------------------------------------------------------------------------------
radiaghibp                           radiaghibp: R age first diagnosed with high BP
-----------------------------------------------------------------------------------

                  Type: Numeric (byte)

                 Range: [0,94]                        Units: 1
         Unique values: 94                        Missing .: 0/1,116,960
       Unique mv codes: 7                        Missing .*: 750,920/1,116,960

                  Mean: 53.0415
             Std. dev.: 12.7894

           Percentiles:     10%       25%       50%       75%       90%
                             38        46        54        60        69

-----------------------------------------------------------------------------------
radiagdiab                          radiagdiab: R age first diagnosed with diabetes
-----------------------------------------------------------------------------------

                  Type: Numeric (byte)

                 Range: [0,97]                        Units: 1
         Unique values: 96                        Missing .: 0/1,116,960
       Unique mv codes: 7                        Missing .*: 1,002,704/1,116,960

                  Mean: 55.8022
             Std. dev.: 12.7698

           Percentiles:     10%       25%       50%       75%       90%
                             40        50        56        64        70

-----------------------------------------------------------------------------------
radiagcancr                          radiagcancr: R age first diagnosed with cancer
-----------------------------------------------------------------------------------

                  Type: Numeric (int)

                 Range: [0,101]                       Units: 1
         Unique values: 96                        Missing .: 0/1,116,960
       Unique mv codes: 7                        Missing .*: 1,056,232/1,116,960

                  Mean:  57.903
             Std. dev.: 13.4054

           Percentiles:     10%       25%       50%       75%       90%
                             42        50        59        67        74

-----------------------------------------------------------------------------------
radiaglung                      radiaglung: R age first diagnosed with lung disease
-----------------------------------------------------------------------------------

                  Type: Numeric (byte)

                 Range: [0,92]                        Units: 1
         Unique values: 93                        Missing .: 0/1,116,960
       Unique mv codes: 7                        Missing .*: 1,060,784/1,116,960

                  Mean: 46.8792
             Std. dev.: 20.1473

           Percentiles:     10%       25%       50%       75%       90%
                             15        35        50        60        70

-----------------------------------------------------------------------------------
radiagheart                   radiagheart: R age first diagnosed with heart problem
-----------------------------------------------------------------------------------

                  Type: Numeric (byte)

                 Range: [0,96]                        Units: 1
         Unique values: 97                        Missing .: 0/1,116,960
       Unique mv codes: 7                        Missing .*: 990,504/1,116,960

                  Mean: 56.5095
             Std. dev.: 15.1366

           Percentiles:     10%       25%       50%       75%       90%
                             40        50        58        67        74

-----------------------------------------------------------------------------------
radiagstrok                          radiagstrok: R age first diagnosed with stroke
-----------------------------------------------------------------------------------

                  Type: Numeric (byte)

                 Range: [0,99]                        Units: 1
         Unique values: 96                        Missing .: 0/1,116,960
       Unique mv codes: 7                        Missing .*: 1,075,256/1,116,960

                  Mean: 61.1608
             Std. dev.: 13.9906

           Percentiles:     10%       25%       50%       75%       90%
                             45        53        62        71        78

-----------------------------------------------------------------------------------
radiagarthr                       radiagarthr: R age first diagnosed with arthritis
-----------------------------------------------------------------------------------

                  Type: Numeric (byte)

                 Range: [0,93]                        Units: 1
         Unique values: 94                        Missing .: 0/1,116,960
       Unique mv codes: 7                        Missing .*: 908,104/1,116,960

                  Mean: 51.3112
             Std. dev.: 15.1201

           Percentiles:     10%       25%       50%       75%       90%
                             30        45        52        60        70

-----------------------------------------------------------------------------------
radiagparkin                    radiagparkin: R age first diagnosed with Parkinsons
-----------------------------------------------------------------------------------

                  Type: Numeric (byte)

                 Range: [0,92]                        Units: 1
         Unique values: 70                        Missing .: 0/1,116,960
       Unique mv codes: 6                        Missing .*: 1,110,416/1,116,960

                  Mean: 64.8667
             Std. dev.: 15.2146

           Percentiles:     10%       25%       50%       75%       90%
                             50        60        68        75        80

-----------------------------------------------------------------------------------
radiaghip                       radiaghip: R age first diagnosed with hip fracture 
-----------------------------------------------------------------------------------

                  Type: Numeric (byte)

                 Range: [0,98]                        Units: 1
         Unique values: 96                        Missing .: 0/1,116,960
       Unique mv codes: 6                        Missing .*: 1,094,664/1,116,960

                  Mean: 57.3233
             Std. dev.: 20.7576

           Percentiles:     10%       25%       50%       75%       90%
                             23        49        61        72        80

-----------------------------------------------------------------------------------
radiagosteo                    radiagosteo: R age first diagnosed with osteoporosis
-----------------------------------------------------------------------------------

                  Type: Numeric (byte)

                 Range: [0,90]                        Units: 1
         Unique values: 84                        Missing .: 80,240/1,116,960
       Unique mv codes: 8                        Missing .*: 1,006,016/1,116,960

                  Mean: 57.8616
             Std. dev.: 12.2275

           Percentiles:     10%       25%       50%       75%       90%
                             45        50        58        65        73

-----------------------------------------------------------------------------------
radiagpsych                  radiagpsych: R age first diagnosed with psych disorder
-----------------------------------------------------------------------------------

                  Type: Numeric (byte)

                 Range: [0,91]                        Units: 1
         Unique values: 92                        Missing .: 0/1,116,960
       Unique mv codes: 8                        Missing .*: 1,097,600/1,116,960

                  Mean: 45.8798
             Std. dev.: 18.1389

           Percentiles:     10%       25%       50%       75%       90%
                             20        35        48        57        69

-----------------------------------------------------------------------------------
radiagkidney                radiagkidney: R age first diagnosed with kidney disease
-----------------------------------------------------------------------------------

                  Type: Numeric (byte)

                 Range: [0,88]                        Units: 1
         Unique values: 72                        Missing .: 0/1,116,960
       Unique mv codes: 7                        Missing .*: 1,113,336/1,116,960

                  Mean: 53.4415
             Std. dev.: 17.4237

           Percentiles:     10%       25%       50%       75%       90%
                             28        45        56        65        73

-----------------------------------------------------------------------------------
rxhibpr                                                    R takes meds for high BP
-----------------------------------------------------------------------------------

                  Type: Numeric (byte)
                 Label: yesnoda

                 Range: [0,1]                         Units: 1
         Unique values: 2                         Missing .: 733,313/1,116,960
       Unique mv codes: 4                        Missing .*: 1,994/1,116,960

            Tabulation: Freq.   Numeric  Label
                      218,013         0  0.No
                      163,640         1  1.Yes
                      733,313         .  
                          545        .d  .d:DK
                        1,239        .m  .m:Missing
                          210        .r  .r:Refuse

-----------------------------------------------------------------------------------
rxdiabr                                                   R takes meds for diabetes
-----------------------------------------------------------------------------------

                  Type: Numeric (byte)
                 Label: yesnoda

                 Range: [0,1]                         Units: 1
         Unique values: 2                         Missing .: 733,313/1,116,960
       Unique mv codes: 4                        Missing .*: 1,994/1,116,960

            Tabulation: Freq.   Numeric  Label
                      335,984         0  0.No
                       45,669         1  1.Yes
                      733,313         .  
                          545        .d  .d:DK
                        1,239        .m  .m:Missing
                          210        .r  .r:Refuse

-----------------------------------------------------------------------------------
rxheartr                                             R takes meds for heart problem
-----------------------------------------------------------------------------------

                  Type: Numeric (byte)
                 Label: yesnoda

                 Range: [0,1]                         Units: 1
         Unique values: 2                         Missing .: 733,313/1,116,960
       Unique mv codes: 4                        Missing .*: 1,994/1,116,960

            Tabulation: Freq.   Numeric  Label
                      312,383         0  0.No
                       69,270         1  1.Yes
                      733,313         .  
                          545        .d  .d:DK
                        1,239        .m  .m:Missing
                          210        .r  .r:Refuse

-----------------------------------------------------------------------------------
rxlungr                                             R takes meds for lung condition
-----------------------------------------------------------------------------------

                  Type: Numeric (byte)
                 Label: yesnoda

                 Range: [0,1]                         Units: 1
         Unique values: 2                         Missing .: 733,313/1,116,960
       Unique mv codes: 4                        Missing .*: 1,994/1,116,960

            Tabulation: Freq.   Numeric  Label
                      371,570         0  0.No
                       10,083         1  1.Yes
                      733,313         .  
                          545        .d  .d:DK
                        1,239        .m  .m:Missing
                          210        .r  .r:Refuse

-----------------------------------------------------------------------------------
rxpsychr                                           R takes meds for psych condition
-----------------------------------------------------------------------------------

                  Type: Numeric (byte)
                 Label: yesnoda

                 Range: [0,1]                         Units: 1
         Unique values: 2                         Missing .: 733,313/1,116,960
       Unique mv codes: 4                        Missing .*: 1,994/1,116,960

            Tabulation: Freq.   Numeric  Label
                      355,598         0  0.No
                       26,055         1  1.Yes
                      733,313         .  
                          545        .d  .d:DK
                        1,239        .m  .m:Missing
                          210        .r  .r:Refuse

-----------------------------------------------------------------------------------
rxosteor                                              R takes meds for osteoporosis
-----------------------------------------------------------------------------------

                  Type: Numeric (byte)
                 Label: yesnoda

                 Range: [0,1]                         Units: 1
         Unique values: 2                         Missing .: 733,313/1,116,960
       Unique mv codes: 4                        Missing .*: 1,994/1,116,960

            Tabulation: Freq.   Numeric  Label
                      360,346         0  0.No
                       21,307         1  1.Yes
                      733,313         .  
                          545        .d  .d:DK
                        1,239        .m  .m:Missing
                          210        .r  .r:Refuse

-----------------------------------------------------------------------------------
rxsleepr                                            R takes meds for sleep problems
-----------------------------------------------------------------------------------

                  Type: Numeric (byte)
                 Label: yesnoda

                 Range: [0,1]                         Units: 1
         Unique values: 2                         Missing .: 733,313/1,116,960
       Unique mv codes: 4                        Missing .*: 1,994/1,116,960

            Tabulation: Freq.   Numeric  Label
                      349,645         0  0.No
                       32,008         1  1.Yes
                      733,313         .  
                          545        .d  .d:DK
                        1,239        .m  .m:Missing
                          210        .r  .r:Refuse

-----------------------------------------------------------------------------------
rxinflmr                                              R takes meds for inflammation
-----------------------------------------------------------------------------------

                  Type: Numeric (byte)
                 Label: yesnoda

                 Range: [0,1]                         Units: 1
         Unique values: 2                         Missing .: 858,875/1,116,960
       Unique mv codes: 4                        Missing .*: 1,298/1,116,960

            Tabulation: Freq.   Numeric  Label
                      248,378         0  0.No
                        8,409         1  1.Yes
                      858,875         .  
                          421        .d  .d:DK
                          757        .m  .m:Missing
                          120        .r  .r:Refuse

-----------------------------------------------------------------------------------
alzdemer                                            R ever had alzheimer's/dementia
-----------------------------------------------------------------------------------

                  Type: Numeric (byte)
                 Label: health_problems

                 Range: [0,1]                         Units: 1
         Unique values: 2                         Missing .: 763,732/1,116,960
       Unique mv codes: 4                        Missing .*: 1,491/1,116,960

            Tabulation: Freq.   Numeric  Label
                      342,291         0  0.no
                        9,446         1  1.yes
                      763,732         .  
                          265        .d  .d:DK
                        1,062        .m  .m:Missing
                          164        .r  .r:Refuse

-----------------------------------------------------------------------------------
radiagalzdem          radiagalzdem: R age first diagnosed with Alzheimer's/dementia
-----------------------------------------------------------------------------------

                  Type: Numeric (byte)

                 Range: [0,96]                        Units: 1
         Unique values: 82                        Missing .: 0/1,116,960
       Unique mv codes: 8                        Missing .*: 1,107,376/1,116,960

                  Mean: 67.5551
             Std. dev.: 18.3857

           Percentiles:     10%       25%       50%       75%       90%
                             47        60        73        80        84

-----------------------------------------------------------------------------------
workr                                                             R working for pay
-----------------------------------------------------------------------------------

                  Type: Numeric (byte)
                 Label: work

                 Range: [0,1]                         Units: 1
         Unique values: 2                         Missing .: 733,313/1,116,960
       Unique mv codes: 4                        Missing .*: 4,922/1,116,960

            Tabulation: Freq.   Numeric  Label
                      260,638         0  0.Not working for pay
                      118,087         1  1.Working for pay
                      733,313         .  
                           76        .d  .d:DK
                        4,764        .m  .m:Missing
                           82        .r  .r:Refuse

-----------------------------------------------------------------------------------
retempr                                                  R gives Retired in empstat
-----------------------------------------------------------------------------------

                  Type: Numeric (byte)
                 Label: ret

                 Range: [0,1]                         Units: 1
         Unique values: 2                         Missing .: 733,313/1,116,960
       Unique mv codes: 4                        Missing .*: 5,029/1,116,960

            Tabulation: Freq.   Numeric  Label
                      159,471         0  0.Not retired empstat
                      219,147         1  1.Retired empstat
                      733,313         .  
                          132        .d  .d:DK
                        4,776        .m  .m:Missing
                          121        .r  .r:Refuse

-----------------------------------------------------------------------------------
pubpenr                                          whether r receives public pensions
-----------------------------------------------------------------------------------

                  Type: Numeric (byte)
                 Label: pupens

                 Range: [0,1]                         Units: 1
         Unique values: 2                         Missing .: 733,313/1,116,960
       Unique mv codes: 4                        Missing .*: 2,769/1,116,960

            Tabulation: Freq.   Numeric  Label
                      152,955         0  0.No public pension
                      227,923         1  1.Has public pension
                      733,313         .  
                          496        .d  .d:DK
                        1,651        .m  .m:Missing
                          622        .r  .r:Refuse

-----------------------------------------------------------------------------------
satlifezr                                             R Satisfied with life z-score
-----------------------------------------------------------------------------------

                  Type: Numeric (double)

                 Range: [-4.6015867,1.3618229]        Units: 1.000e-10
         Unique values: 66                        Missing .: 763,732/1,116,960
       Unique mv codes: 5                        Missing .*: 11,783/1,116,960

                  Mean: 1.7e-17
             Std. dev.: .999993

           Percentiles:     10%       25%       50%       75%       90%
                        -1.4023  -.365941   .231397   .767571   1.30194

-----------------------------------------------------------------------------------
osteoer                                                     R ever had osteoporosis
-----------------------------------------------------------------------------------

                  Type: Numeric (byte)

                 Range: [0,1]                         Units: 1
         Unique values: 2                         Missing .: 991,398/1,116,960
       Unique mv codes: 5                        Missing .*: 46,366/1,116,960

            Tabulation: Freq.  Value
                       70,569  0
                        8,627  1
                      991,398  .
                           65  .d
                        2,869  .m
                       43,397  .q
                           35  .r

-----------------------------------------------------------------------------------
higovr                                                    R cover by Gov Health Ins
-----------------------------------------------------------------------------------

                  Type: Numeric (byte)

                 Range: [0,1]                         Units: 1
         Unique values: 2                         Missing .: 1,086,541/1,116,960
       Unique mv codes: 5                        Missing .*: 16,092/1,116,960

            Tabulation: Freq.  Value
                        1,565  0
                       12,762  1
                    1,086,541  .
                            7  .d
                          116  .m
                       15,965  .q
                            4  .r

. log close log
      name:  log
       log:  X:\My Documents\XdrvData\SHARE\SHAREdata\harmon\codebook.log
  log type:  text
 closed on:  21 Sep 2023, 19:38:09
-----------------------------------------------------------------------------------
